Update at 2024-10-29 21:43:11
Submodule: MITP-backend
Author: Innocenttt3
Commit message: actions url update
----------------------------------------
Update at 2024-10-29 22:18:43
Submodule: MITP-backend
Author: kamilgolawski
Commit message: new TODO
----------------------------------------
Update at 2024-11-03 13:49:03
Submodule: MITP-backend
Author: pawel
Commit message: config
----------------------------------------
Update at 2024-11-03 14:02:30
Submodule: MITP-backend
Author: pawel
Commit message: config 2
----------------------------------------
Update at 2024-11-03 14:29:14
Submodule: MITP-backend
Author: pawel
Commit message: config
----------------------------------------
Update at 2024-11-03 14:37:40
Submodule: MITP-backend
Author: pawel
Commit message: setup config 1) set up port to 9090 (from 8080) 2) fixed compose.yaml configuration in properties 3) set up liquibase configuration
----------------------------------------
Update at 2024-11-03 14:50:24
Submodule: MITP-backend
Author: kamilgolawski
Commit message: compose path correction
----------------------------------------
Update at 2024-11-03 21:05:01
Submodule: MITP-backend
Author: ppirog
Commit message: Merge pull request #1 from Medical-IT-systems-team-project/adding-login-and-registration-feature
----------------------------------------
Update at 2024-11-04 21:49:53
Submodule: MITP-backend
Author: KrystianWasil
Commit message: Merge pull request #2 from Medical-IT-systems-team-project/test_KW
----------------------------------------
Update at 2024-11-04 21:54:52
Submodule: MITP-backend
Author: KrystianWasil
Commit message: Merge pull request #3 from Medical-IT-systems-team-project/tes2_KW
----------------------------------------
Update at 2024-11-05 15:04:09
Submodule: MITP-backend
Author: kamilgolawski
Commit message: actions notification
----------------------------------------
Update at 2024-12-08 23:48:21
Submodule: MITP-backend
Author: KamilGolawski
Commit message: Merge pull request #45 from Medical-IT-systems-team-project/develop
----------------------------------------
Update at 2024-12-28 12:02:49
Submodule: MITP-backend
Author: KamilGolawski
Commit message: pre-release v0.2 - simple welcome page
----------------------------------------
Update at 2024-12-29 15:48:23
Submodule: MITP-backend
Author: KamilGolawski
Commit message: v0.3 - unassigned patient list + LinkedIn info
----------------------------------------
Update at 2024-12-30 12:42:12
Submodule: MITP-backend
Author: kamilgolawski
Commit message: bugfix - test data changes
----------------------------------------
Update at 2024-12-30 18:54:09
Submodule: MITP-backend
Author: KamilGolawski
Commit message: feature - mail summary
----------------------------------------
Update at 2024-12-31 09:36:07
Submodule: MITP-backend
Author: KamilGolawski
Commit message: feature - change allowed-doctors list
----------------------------------------
