Update at 2024-10-29 22:05:03
Submodule: MITP-mobile
Author: Innocenttt3
Commit message: correction
----------------------------------------
Update at 2024-11-21 14:01:49
Submodule: MITP-mobile
Author: Michał Rymarski
Commit message: Merge pull request #2 from Medical-IT-systems-team-project/develop
----------------------------------------
Update at 2024-11-25 17:32:28
Submodule: MITP-mobile
Author: Michał Rymarski
Commit message: Merge pull request #3 from Medical-IT-systems-team-project/develop
----------------------------------------
Update at 2024-12-30 18:43:20
Submodule: MITP-mobile
Author: Michał Rymarski
Commit message: Update README.md
----------------------------------------
Update at 2024-12-30 19:00:55
Submodule: MITP-mobile
Author: Michał Rymarski
Commit message: Update README.md
----------------------------------------
